<?xml version="1.0" encoding="UTF-8"?>
<!-- Generated by org.testng.reporters.JUnitReportReporter -->
<testsuite hostname="Abinash" failures="1" tests="1" name="abinash.preparation.restAssured.JsonSchemaValidation" time="1.849" errors="0" timestamp="2024-05-30T12:42:20 IST" skipped="0">
  <testcase classname="abinash.preparation.restAssured.JsonSchemaValidation" name="validate_myAPI" time="1.849">
    <failure message="1 expectation failed.
Response body doesn&#039;t match expectation.
Expected: The content to match the given JSON schema.
error: instance type (number) does not match any allowed primitive type (allowed: [&quot;string&quot;])
    level: &quot;error&quot;
    schema: {&quot;loadingURI&quot;:&quot;#&quot;,&quot;pointer&quot;:&quot;/items/properties/salary&quot;}
    instance: {&quot;pointer&quot;:&quot;/0/salary&quot;}
    domain: &quot;validation&quot;
    keyword: &quot;type&quot;
    found: &quot;number&quot;
    expected: [&quot;string&quot;]

  Actual: [{&quot;id&quot;:1,&quot;name&quot;:&quot;John Doe&quot;,&quot;age&quot;:30,&quot;department&quot;:&quot;HR&quot;,&quot;salary&quot;:50000.00},{&quot;id&quot;:2,&quot;name&quot;:&quot;Alice Smith&quot;,&quot;age&quot;:35,&quot;department&quot;:&quot;Engineering&quot;,&quot;salary&quot;:60000.00},{&quot;id&quot;:3,&quot;name&quot;:&quot;Bob Johnson&quot;,&quot;age&quot;:28,&quot;department&quot;:&quot;Marketing&quot;,&quot;salary&quot;:55000.00},{&quot;id&quot;:4,&quot;name&quot;:&quot;Emily Brown&quot;,&quot;age&quot;:32,&quot;department&quot;:&quot;Sales&quot;,&quot;salary&quot;:52000.00},{&quot;id&quot;:5,&quot;name&quot;:&quot;Michael Lee&quot;,&quot;age&quot;:40,&quot;department&quot;:&quot;Finance&quot;,&quot;salary&quot;:70000.00},{&quot;id&quot;:6,&quot;name&quot;:&quot;Pat Cummins&quot;,&quot;age&quot;:31,&quot;department&quot;:&quot;Cricket&quot;,&quot;salary&quot;:20000.00},{&quot;id&quot;:7,&quot;name&quot;:&quot;Sunil Narine&quot;,&quot;age&quot;:36,&quot;department&quot;:&quot;Cricket&quot;,&quot;salary&quot;:21000.00},{&quot;id&quot;:8,&quot;name&quot;:&quot;Sunil Mhatre&quot;,&quot;age&quot;:45,&quot;department&quot;:&quot;Football&quot;,&quot;salary&quot;:55000.00},{&quot;id&quot;:9,&quot;name&quot;:&quot;Sunil Kharge&quot;,&quot;age&quot;:48,&quot;department&quot;:&quot;Baseball&quot;,&quot;salary&quot;:20000.00},{&quot;id&quot;:10,&quot;name&quot;:&quot;Marie Curie&quot;,&quot;age&quot;:30,&quot;department&quot;:&quot;R&amp;D&quot;,&quot;salary&quot;:35000.00},{&quot;id&quot;:11,&quot;name&quot;:&quot;Manik Chand&quot;,&quot;age&quot;:30,&quot;department&quot;:&quot;Chemist&quot;,&quot;salary&quot;:40000.00},{&quot;id&quot;:12,&quot;name&quot;:&quot;Danavira&quot;,&quot;age&quot;:30,&quot;department&quot;:&quot;Druggist&quot;,&quot;salary&quot;:30000.00},{&quot;id&quot;:13,&quot;name&quot;:&quot;Manik Chand&quot;,&quot;age&quot;:30,&quot;department&quot;:&quot;Chemist&quot;,&quot;salary&quot;:40000.00},{&quot;id&quot;:14,&quot;name&quot;:&quot;Marie Marie&quot;,&quot;age&quot;:30,&quot;department&quot;:&quot;R&amp;D&quot;,&quot;salary&quot;:35000.00},{&quot;id&quot;:15,&quot;name&quot;:&quot;Manik Manik&quot;,&quot;age&quot;:30,&quot;department&quot;:&quot;Chemist&quot;,&quot;salary&quot;:40000.00}]
" type="java.lang.AssertionError">
      <![CDATA[java.lang.AssertionError: 1 expectation failed.
Response body doesn't match expectation.
Expected: The content to match the given JSON schema.
error: instance type (number) does not match any allowed primitive type (allowed: ["string"])
    level: "error"
    schema: {"loadingURI":"#","pointer":"/items/properties/salary"}
    instance: {"pointer":"/0/salary"}
    domain: "validation"
    keyword: "type"
    found: "number"
    expected: ["string"]

  Actual: [{"id":1,"name":"John Doe","age":30,"department":"HR","salary":50000.00},{"id":2,"name":"Alice Smith","age":35,"department":"Engineering","salary":60000.00},{"id":3,"name":"Bob Johnson","age":28,"department":"Marketing","salary":55000.00},{"id":4,"name":"Emily Brown","age":32,"department":"Sales","salary":52000.00},{"id":5,"name":"Michael Lee","age":40,"department":"Finance","salary":70000.00},{"id":6,"name":"Pat Cummins","age":31,"department":"Cricket","salary":20000.00},{"id":7,"name":"Sunil Narine","age":36,"department":"Cricket","salary":21000.00},{"id":8,"name":"Sunil Mhatre","age":45,"department":"Football","salary":55000.00},{"id":9,"name":"Sunil Kharge","age":48,"department":"Baseball","salary":20000.00},{"id":10,"name":"Marie Curie","age":30,"department":"R&D","salary":35000.00},{"id":11,"name":"Manik Chand","age":30,"department":"Chemist","salary":40000.00},{"id":12,"name":"Danavira","age":30,"department":"Druggist","salary":30000.00},{"id":13,"name":"Manik Chand","age":30,"department":"Chemist","salary":40000.00},{"id":14,"name":"Marie Marie","age":30,"department":"R&D","salary":35000.00},{"id":15,"name":"Manik Manik","age":30,"department":"Chemist","salary":40000.00}]

at java.base/jdk.internal.reflect.NativeConstructorAccessorImpl.newInstance0(Native Method)
at java.base/jdk.internal.reflect.NativeConstructorAccessorImpl.newInstance(NativeConstructorAccessorImpl.java:77)
at java.base/jdk.internal.reflect.DelegatingConstructorAccessorImpl.newInstance(DelegatingConstructorAccessorImpl.java:45)
at java.base/java.lang.reflect.Constructor.newInstanceWithCaller(Constructor.java:499)
at java.base/java.lang.reflect.Constructor.newInstance(Constructor.java:480)
at org.codehaus.groovy.reflection.CachedConstructor.invoke(CachedConstructor.java:73)
at org.codehaus.groovy.runtime.callsite.ConstructorSite$ConstructorSiteNoUnwrapNoCoerce.callConstructor(ConstructorSite.java:108)
at org.codehaus.groovy.runtime.callsite.CallSiteArray.defaultCallConstructor(CallSiteArray.java:57)
at org.codehaus.groovy.runtime.callsite.AbstractCallSite.callConstructor(AbstractCallSite.java:263)
at org.codehaus.groovy.runtime.callsite.AbstractCallSite.callConstructor(AbstractCallSite.java:277)
at io.restassured.internal.ResponseSpecificationImpl$HamcrestAssertionClosure.validate(ResponseSpecificationImpl.groovy:512)
at io.restassured.internal.ResponseSpecificationImpl$HamcrestAssertionClosure$validate$1.call(Unknown Source)
at io.restassured.internal.ResponseSpecificationImpl.validateResponseIfRequired(ResponseSpecificationImpl.groovy:696)
at io.restassured.internal.ResponseSpecificationImpl.this$2$validateResponseIfRequired(ResponseSpecificationImpl.groovy)
at java.base/jdk.internal.reflect.NativeMethodAccessorImpl.invoke0(Native Method)
at java.base/jdk.internal.reflect.NativeMethodAccessorImpl.invoke(NativeMethodAccessorImpl.java:77)
at java.base/jdk.internal.reflect.DelegatingMethodAccessorImpl.invoke(DelegatingMethodAccessorImpl.java:43)
at java.base/java.lang.reflect.Method.invoke(Method.java:568)
at org.codehaus.groovy.runtime.callsite.PlainObjectMetaMethodSite.doInvoke(PlainObjectMetaMethodSite.java:43)
at org.codehaus.groovy.runtime.callsite.PogoMetaMethodSite$PogoCachedMethodSiteNoUnwrapNoCoerce.invoke(PogoMetaMethodSite.java:198)
at org.codehaus.groovy.runtime.callsite.PogoMetaMethodSite.callCurrent(PogoMetaMethodSite.java:62)
at org.codehaus.groovy.runtime.callsite.CallSiteArray.defaultCallCurrent(CallSiteArray.java:49)
at org.codehaus.groovy.runtime.callsite.AbstractCallSite.callCurrent(AbstractCallSite.java:171)
at org.codehaus.groovy.runtime.callsite.AbstractCallSite.callCurrent(AbstractCallSite.java:185)
at io.restassured.internal.ResponseSpecificationImpl.body(ResponseSpecificationImpl.groovy:107)
at io.restassured.internal.ValidatableResponseOptionsImpl.body(ValidatableResponseOptionsImpl.java:238)
at abinash.preparation.restAssured.JsonSchemaValidation.validate_myAPI(JsonSchemaValidation.java:27)
at java.base/jdk.internal.reflect.NativeMethodAccessorImpl.invoke0(Native Method)
at java.base/jdk.internal.reflect.NativeMethodAccessorImpl.invoke(NativeMethodAccessorImpl.java:77)
at java.base/jdk.internal.reflect.DelegatingMethodAccessorImpl.invoke(DelegatingMethodAccessorImpl.java:43)
at java.base/java.lang.reflect.Method.invoke(Method.java:568)
at org.testng.internal.invokers.MethodInvocationHelper.invokeMethod(MethodInvocationHelper.java:141)
at org.testng.internal.invokers.TestInvoker.invokeMethod(TestInvoker.java:686)
at org.testng.internal.invokers.TestInvoker.invokeTestMethod(TestInvoker.java:230)
at org.testng.internal.invokers.MethodRunner.runInSequence(MethodRunner.java:63)
at org.testng.internal.invokers.TestInvoker$MethodInvocationAgent.invoke(TestInvoker.java:992)
at org.testng.internal.invokers.TestInvoker.invokeTestMethods(TestInvoker.java:203)
at org.testng.internal.invokers.TestMethodWorker.invokeTestMethods(TestMethodWorker.java:154)
at org.testng.internal.invokers.TestMethodWorker.run(TestMethodWorker.java:134)
at java.base/java.util.ArrayList.forEach(ArrayList.java:1511)
at org.testng.TestRunner.privateRun(TestRunner.java:739)
at org.testng.TestRunner.run(TestRunner.java:614)
at org.testng.SuiteRunner.runTest(SuiteRunner.java:421)
at org.testng.SuiteRunner.runSequentially(SuiteRunner.java:413)
at org.testng.SuiteRunner.privateRun(SuiteRunner.java:373)
at org.testng.SuiteRunner.run(SuiteRunner.java:312)
at org.testng.SuiteRunnerWorker.runSuite(SuiteRunnerWorker.java:52)
at org.testng.SuiteRunnerWorker.run(SuiteRunnerWorker.java:95)
at org.testng.TestNG.runSuitesSequentially(TestNG.java:1274)
at org.testng.TestNG.runSuitesLocally(TestNG.java:1208)
at org.testng.TestNG.runSuites(TestNG.java:1112)
at org.testng.TestNG.run(TestNG.java:1079)
at org.testng.remote.AbstractRemoteTestNG.run(AbstractRemoteTestNG.java:115)
at org.testng.remote.RemoteTestNG.initAndRun(RemoteTestNG.java:293)
at org.testng.remote.RemoteTestNG.main(RemoteTestNG.java:91)
]]>
    </failure>
  </testcase> <!-- validate_myAPI -->
</testsuite> <!-- abinash.preparation.restAssured.JsonSchemaValidation -->
