<?xml version="1.0" encoding="UTF-8"?>
<!-- Generated by org.testng.reporters.JUnitReportReporter -->
<testsuite hostname="Abinash" failures="0" tests="1" name="abinash.preparation.restAssured.HeaderTest" time="1.228" errors="0" timestamp="2024-05-29T13:24:47 IST" skipped="0">
  <testcase classname="abinash.preparation.restAssured.HeaderTest" name="validate_myAPI" time="1.228"/>
</testsuite> <!-- abinash.preparation.restAssured.HeaderTest -->
