<?xml version="1.0" encoding="UTF-8"?>
<!-- Generated by org.testng.reporters.JUnitReportReporter -->
<testsuite hostname="Abinash" failures="0" tests="2" name="abinash.preparation.restAssured.TestTwo" time="1.617" errors="0" timestamp="2024-05-28T15:18:49 IST" skipped="0">
  <testcase classname="abinash.preparation.restAssured.TestTwo" name="validate_wholeResponse" time="0.035"/>
  <testcase classname="abinash.preparation.restAssured.TestTwo" name="validate_response" time="1.582"/>
</testsuite> <!-- abinash.preparation.restAssured.TestTwo -->
