<?xml version="1.0" encoding="UTF-8"?>
<!-- Generated by org.testng.reporters.JUnitReportReporter -->
<testsuite hostname="Abinash" failures="0" tests="2" name="abinash.preparation.restAssured.CookieBuilderTest" time="0.908" errors="0" timestamp="2024-05-29T13:42:16 IST" skipped="0">
  <testcase classname="abinash.preparation.restAssured.CookieBuilderTest" name="validate_myAPIgetAllHeaders" time="0.023"/>
  <testcase classname="abinash.preparation.restAssured.CookieBuilderTest" name="validate_myAPICookie" time="0.885"/>
</testsuite> <!-- abinash.preparation.restAssured.CookieBuilderTest -->
