<?xml version="1.0" encoding="UTF-8"?>
<!-- Generated by org.testng.reporters.JUnitReportReporter -->
<testsuite hostname="Abinash" failures="0" tests="1" name="abinash.preparation.restAssured.PathParamExample" time="0.958" errors="0" timestamp="2024-05-28T17:11:38 IST" skipped="0">
  <testcase classname="abinash.preparation.restAssured.PathParamExample" name="validate_wholeResponse" time="0.958"/>
</testsuite> <!-- abinash.preparation.restAssured.PathParamExample -->
