<?xml version="1.0" encoding="UTF-8"?>
<!-- Generated by org.testng.reporters.JUnitReportReporter -->
<testsuite hostname="Abinash" failures="0" tests="4" name="abinash.preparation.restAssured.TestOne" time="4.524" errors="0" timestamp="2024-05-28T12:35:11 IST" skipped="0">
  <testcase classname="abinash.preparation.restAssured.TestOne" name="validate_wholeResponse" time="0.152"/>
  <testcase classname="abinash.preparation.restAssured.TestOne" name="validate_response" time="0.916"/>
  <testcase classname="abinash.preparation.restAssured.TestOne" name="get_request" time="2.577"/>
  <testcase classname="abinash.preparation.restAssured.TestOne" name="validate_myAPI" time="0.879"/>
</testsuite> <!-- abinash.preparation.restAssured.TestOne -->
