<?xml version="1.0" encoding="UTF-8"?>
<!-- Generated by org.testng.reporters.JUnitReportReporter -->
<testsuite hostname="Abinash" failures="0" tests="1" name="abinash.preparation.restAssured.QueryParamtest" time="1.417" errors="0" timestamp="2024-05-28T16:59:26 IST" skipped="0">
  <testcase classname="abinash.preparation.restAssured.QueryParamtest" name="validate_myAPI" time="1.417"/>
</testsuite> <!-- abinash.preparation.restAssured.QueryParamtest -->
